# JRE version: OpenJDK Runtime Environment (17.0.7) (build 17.0.7+0-b2043.56-10550314)
# Java VM: OpenJDK 64-Bit Server VM (17.0.7+0-b2043.56-10550314, mixed mode, tiered, compressed oops, compressed class ptrs, g1 gc, windows-amd64)
GC Precious Log:
 CPUs: 8 total, 8 available
 Memory: 7844M
 Large Page Support: Disabled
 NUMA Support: Disabled
 Compressed Oops: Enabled (32-bit)
 Heap Region Size: 1M
 Heap Min Capacity: 8M
 Heap Initial Capacity: 124M
 Heap Max Capacity: 2G
 Pre-touch: Disabled
 Parallel Workers: 8
 Concurrent Workers: 2
 Concurrent Refinement Workers: 8
 Periodic GC: Disabled
Heap:
 garbage-first heap   total 418816K, used 197034K [0x0000000080000000, 0x0000000100000000)
  region size 1024K, 14 young (14336K), 14 survivors (14336K)
 Metaspace       used 130598K, committed 131712K, reserved 1179648K
  class space    used 17887K, committed 18432K, reserved 1048576K
GC Heap History (20 events):
Event: 481.886 GC heap after
{Heap after GC invocations=75 (full 0):
 garbage-first heap   total 317440K, used 171973K [0x0000000080000000, 0x0000000100000000)
  region size 1024K, 2 young (2048K), 2 survivors (2048K)
 Metaspace       used 127237K, committed 128192K, reserved 1179648K
  class space    used 17681K, committed 18112K, reserved 1048576K
}
Event: 484.113 GC heap before
{Heap before GC invocations=75 (full 0):
 garbage-first heap   total 317440K, used 257989K [0x0000000080000000, 0x0000000100000000)
  region size 1024K, 88 young (90112K), 2 survivors (2048K)
 Metaspace       used 128181K, committed 129088K, reserved 1179648K
  class space    used 17720K, committed 18176K, reserved 1048576K
}
Event: 484.143 GC heap after
{Heap after GC invocations=76 (full 0):
 garbage-first heap   total 317440K, used 183296K [0x0000000080000000, 0x0000000100000000)
  region size 1024K, 12 young (12288K), 12 survivors (12288K)
 Metaspace       used 128181K, committed 129088K, reserved 1179648K
  class space    used 17720K, committed 18176K, reserved 1048576K
}
Event: 1003.599 GC heap before
{Heap before GC invocations=77 (full 0):
 garbage-first heap   total 408576K, used 302080K [0x0000000080000000, 0x0000000100000000)
  region size 1024K, 80 young (81920K), 12 survivors (12288K)
 Metaspace       used 128448K, committed 129408K, reserved 1179648K
  class space    used 17728K, committed 18176K, reserved 1048576K
}
Event: 1003.773 GC heap after
{Heap after GC invocations=78 (full 0):
 garbage-first heap   total 408576K, used 176738K [0x0000000080000000, 0x0000000100000000)
  region size 1024K, 5 young (5120K), 5 survivors (5120K)
 Metaspace       used 128448K, committed 129408K, reserved 1179648K
  class space    used 17728K, committed 18176K, reserved 1048576K
}
Event: 1004.626 GC heap before
{Heap before GC invocations=78 (full 0):
 garbage-first heap   total 408576K, used 191074K [0x0000000080000000, 0x0000000100000000)
  region size 1024K, 19 young (19456K), 5 survivors (5120K)
 Metaspace       used 128532K, committed 129472K, reserved 1179648K
  class space    used 17729K, committed 18176K, reserved 1048576K
}
Event: 1004.758 GC heap after
{Heap after GC invocations=79 (full 0):
 garbage-first heap   total 408576K, used 172386K [0x0000000080000000, 0x0000000100000000)
  region size 1024K, 3 young (3072K), 3 survivors (3072K)
 Metaspace       used 128532K, committed 129472K, reserved 1179648K
  class space    used 17729K, committed 18176K, reserved 1048576K
}
Event: 1037.764 GC heap before
{Heap before GC invocations=79 (full 0):
 garbage-first heap   total 408576K, used 340322K [0x0000000080000000, 0x0000000100000000)
  region size 1024K, 168 young (172032K), 3 survivors (3072K)
 Metaspace       used 129136K, committed 130176K, reserved 1179648K
  class space    used 17797K, committed 18304K, reserved 1048576K
}
Event: 1037.879 GC heap after
{Heap after GC invocations=80 (full 0):
 garbage-first heap   total 408576K, used 185045K [0x0000000080000000, 0x0000000100000000)
  region size 1024K, 16 young (16384K), 16 survivors (16384K)
 Metaspace       used 129136K, committed 130176K, reserved 1179648K
  class space    used 17797K, committed 18304K, reserved 1048576K
}
Event: 1053.568 GC heap before
{Heap before GC invocations=81 (full 0):
 garbage-first heap   total 408576K, used 313045K [0x0000000080000000, 0x0000000100000000)
  region size 1024K, 146 young (149504K), 16 survivors (16384K)
 Metaspace       used 129867K, committed 130880K, reserved 1179648K
  class space    used 17821K, committed 18304K, reserved 1048576K
}
Event: 1053.723 GC heap after
{Heap after GC invocations=82 (full 0):
 garbage-first heap   total 408576K, used 189400K [0x0000000080000000, 0x0000000100000000)
  region size 1024K, 9 young (9216K), 9 survivors (9216K)
 Metaspace       used 129867K, committed 130880K, reserved 1179648K
  class space    used 17821K, committed 18304K, reserved 1048576K
}
Event: 1053.862 GC heap before
{Heap before GC invocations=82 (full 0):
 garbage-first heap   total 408576K, used 199640K [0x0000000080000000, 0x0000000100000000)
  region size 1024K, 19 young (19456K), 9 survivors (9216K)
 Metaspace       used 129871K, committed 130880K, reserved 1179648K
  class space    used 17821K, committed 18304K, reserved 1048576K
}
Event: 1053.945 GC heap after
{Heap after GC invocations=83 (full 0):
 garbage-first heap   total 408576K, used 181535K [0x0000000080000000, 0x0000000100000000)
  region size 1024K, 3 young (3072K), 3 survivors (3072K)
 Metaspace       used 129871K, committed 130880K, reserved 1179648K
  class space    used 17821K, committed 18304K, reserved 1048576K
}
Event: 1054.326 GC heap before
{Heap before GC invocations=83 (full 0):
 garbage-first heap   total 408576K, used 200991K [0x0000000080000000, 0x0000000100000000)
  region size 1024K, 24 young (24576K), 3 survivors (3072K)
 Metaspace       used 129875K, committed 130880K, reserved 1179648K
  class space    used 17821K, committed 18304K, reserved 1048576K
}
Event: 1054.387 GC heap after
{Heap after GC invocations=84 (full 0):
 garbage-first heap   total 408576K, used 186860K [0x0000000080000000, 0x0000000100000000)
  region size 1024K, 9 young (9216K), 9 survivors (9216K)
 Metaspace       used 129875K, committed 130880K, reserved 1179648K
  class space    used 17821K, committed 18304K, reserved 1048576K
}
Event: 1067.017 GC heap before
{Heap before GC invocations=85 (full 0):
 garbage-first heap   total 418816K, used 347628K [0x0000000080000000, 0x0000000100000000)
  region size 1024K, 118 young (120832K), 9 survivors (9216K)
 Metaspace       used 130273K, committed 131392K, reserved 1179648K
  class space    used 17872K, committed 18368K, reserved 1048576K
}
Event: 1067.080 GC heap after
{Heap after GC invocations=86 (full 0):
 garbage-first heap   total 418816K, used 194440K [0x0000000080000000, 0x0000000100000000)
  region size 1024K, 13 young (13312K), 13 survivors (13312K)
 Metaspace       used 130273K, committed 131392K, reserved 1179648K
  class space    used 17872K, committed 18368K, reserved 1048576K
}
Event: 1067.183 GC heap before
{Heap before GC invocations=86 (full 0):
 garbage-first heap   total 418816K, used 201608K [0x0000000080000000, 0x0000000100000000)
  region size 1024K, 20 young (20480K), 13 survivors (13312K)
 Metaspace       used 130275K, committed 131392K, reserved 1179648K
  class space    used 17872K, committed 18368K, reserved 1048576K
}
Event: 1067.351 GC heap after
{Heap after GC invocations=87 (full 0):
 garbage-first heap   total 418816K, used 186234K [0x0000000080000000, 0x0000000100000000)
  region size 1024K, 3 young (3072K), 3 survivors (3072K)
 Metaspace       used 130275K, committed 131392K, reserved 1179648K
  class space    used 17872K, committed 18368K, reserved 1048576K
}
Event: 1176.984 GC heap before
{Heap before GC invocations=87 (full 0):
 garbage-first heap   total 418816K, used 312186K [0x0000000080000000, 0x0000000100000000)
  region size 1024K, 127 young (130048K), 3 survivors (3072K)
 Metaspace       used 130598K, committed 131712K, reserved 1179648K
  class space    used 17887K, committed 18432K, reserved 1048576K
}

